Release 14.7 - xst P.20131013 (nt64)
Copyright (c) 1995-2013 Xilinx, Inc.  All rights reserved.
--> Parameter TMPDIR set to xst/projnav.tmp


Total REAL time to Xst completion: 0.00 secs
Total CPU time to Xst completion: 0.08 secs
 
--> Parameter xsthdpdir set to xst


Total REAL time to Xst completion: 0.00 secs
Total CPU time to Xst completion: 0.08 secs
 
--> Reading design: datapath.prj

TABLE OF CONTENTS
  1) Synthesis Options Summary
  2) HDL Parsing
  3) HDL Elaboration
  4) HDL Synthesis
       4.1) HDL Synthesis Report
  5) Advanced HDL Synthesis
       5.1) Advanced HDL Synthesis Report
  6) Low Level Synthesis
  7) Partition Report
  8) Design Summary
       8.1) Primitive and Black Box Usage
       8.2) Device utilization summary
       8.3) Partition Resource Summary
       8.4) Timing Report
            8.4.1) Clock Information
            8.4.2) Asynchronous Control Signals Information
            8.4.3) Timing Summary
            8.4.4) Timing Details
            8.4.5) Cross Clock Domains Report


=========================================================================
*                      Synthesis Options Summary                        *
=========================================================================
---- Source Parameters
Input File Name                    : "datapath.prj"
Ignore Synthesis Constraint File   : NO

---- Target Parameters
Output File Name                   : "datapath"
Output Format                      : NGC
Target Device                      : xc7a100t-3-csg324

---- Source Options
Top Module Name                    : datapath
Automatic FSM Extraction           : YES
FSM Encoding Algorithm             : Auto
Safe Implementation                : No
FSM Style                          : LUT
RAM Extraction                     : Yes
RAM Style                          : Auto
ROM Extraction                     : Yes
Shift Register Extraction          : YES
ROM Style                          : Auto
Resource Sharing                   : YES
Asynchronous To Synchronous        : NO
Shift Register Minimum Size        : 2
Use DSP Block                      : Auto
Automatic Register Balancing       : No

---- Target Options
LUT Combining                      : Auto
Reduce Control Sets                : Auto
Add IO Buffers                     : YES
Global Maximum Fanout              : 100000
Add Generic Clock Buffer(BUFG)     : 32
Register Duplication               : YES
Optimize Instantiated Primitives   : NO
Use Clock Enable                   : Auto
Use Synchronous Set                : Auto
Use Synchronous Reset              : Auto
Pack IO Registers into IOBs        : Auto
Equivalent register Removal        : YES

---- General Options
Optimization Goal                  : Speed
Optimization Effort                : 1
Power Reduction                    : NO
Keep Hierarchy                     : No
Netlist Hierarchy                  : As_Optimized
RTL Output                         : Yes
Global Optimization                : AllClockNets
Read Cores                         : YES
Write Timing Constraints           : NO
Cross Clock Analysis               : NO
Hierarchy Separator                : /
Bus Delimiter                      : <>
Case Specifier                     : Maintain
Slice Utilization Ratio            : 100
BRAM Utilization Ratio             : 100
DSP48 Utilization Ratio            : 100
Auto BRAM Packing                  : NO
Slice Utilization Ratio Delta      : 5

=========================================================================


=========================================================================
*                          HDL Parsing                                  *
=========================================================================
Analyzing Verilog file "E:\ISEhomework\p5\mips\register_file.v" into library work
Parsing module <register_file>.
Analyzing Verilog file "E:\ISEhomework\p5\mips\pipeWR.v" into library work
Parsing module <pipeWR>.
Analyzing Verilog file "E:\ISEhomework\p5\mips\pipeMR.v" into library work
Parsing module <pipeMR>.
Analyzing Verilog file "E:\ISEhomework\p5\mips\pipeER.v" into library work
Parsing module <pipeER>.
Analyzing Verilog file "E:\ISEhomework\p5\mips\pipeDR.v" into library work
Parsing module <pipeDR>.
Analyzing Verilog file "E:\ISEhomework\p5\mips\NPC.v" into library work
Parsing verilog file "head.v" included at line 21.
Parsing module <NPC>.
Analyzing Verilog file "E:\ISEhomework\p5\mips\MUX2.v" into library work
Parsing module <MUX2>.
Analyzing Verilog file "E:\ISEhomework\p5\mips\MUX.v" into library work
Parsing module <MUX>.
Analyzing Verilog file "E:\ISEhomework\p5\mips\instr_memory.v" into library work
Parsing module <instr_memory>.
Analyzing Verilog file "E:\ISEhomework\p5\mips\instr_decoder.v" into library work
Parsing module <instr_decoder>.
Analyzing Verilog file "E:\ISEhomework\p5\mips\extender.v" into library work
Parsing module <extender>.
Analyzing Verilog file "E:\ISEhomework\p5\mips\data_memory.v" into library work
Parsing module <data_memory>.
Analyzing Verilog file "E:\ISEhomework\p5\mips\CMP.v" into library work
Parsing module <CMP>.
Analyzing Verilog file "E:\ISEhomework\p5\mips\alu.v" into library work
Parsing verilog file "head.v" included at line 21.
Parsing module <alu>.
Analyzing Verilog file "E:\ISEhomework\p5\mips\datapath.v" into library work
Parsing module <datapath>.

=========================================================================
*                            HDL Elaboration                            *
=========================================================================
WARNING:HDLCompiler:1016 - "E:\ISEhomework\p5\mips\datapath.v" Line 79: Port shamt is not connected to this instance

Elaborating module <datapath>.

Elaborating module <instr_memory>.
Reading initialization file \"code.txt\".
WARNING:HDLCompiler:1670 - "E:\ISEhomework\p5\mips\instr_memory.v" Line 33: Signal <array2> in initial block is partially initialized.

Elaborating module <NPC>.

Elaborating module <pipeDR>.

Elaborating module <instr_decoder>.

Elaborating module <register_file>.
"E:\ISEhomework\p5\mips\register_file.v" Line 82. $display  32'b................................ 5'b..... 32'b................................

Elaborating module <extender>.

Elaborating module <CMP>.

Elaborating module <pipeER>.

Elaborating module <alu>.

Elaborating module <pipeMR>.

Elaborating module <data_memory>.
"E:\ISEhomework\p5\mips\data_memory.v" Line 65. $display  32'b................................ 32'b................................ 32'b................................

Elaborating module <pipeWR>.
ERROR:HDLCompiler:1654 - "E:\ISEhomework\p5\mips\datapath.v" Line 98: Instantiating <load> from unknown module <LOAD>
Module datapath remains a blackbox, due to errors in its contents
WARNING:HDLCompiler:1499 - "E:\ISEhomework\p5\mips\datapath.v" Line 21: Empty module <datapath> remains a black box.
--> 

Total memory usage is 2437940 kilobytes

Number of errors   :    1 (   0 filtered)
Number of warnings :    3 (   0 filtered)
Number of infos    :    0 (   0 filtered)

