Release 14.7 - xst P.20131013 (nt64)
Copyright (c) 1995-2013 Xilinx, Inc.  All rights reserved.
--> Parameter TMPDIR set to xst/projnav.tmp


Total REAL time to Xst completion: 0.00 secs
Total CPU time to Xst completion: 0.09 secs
 
--> Parameter xsthdpdir set to xst


Total REAL time to Xst completion: 0.00 secs
Total CPU time to Xst completion: 0.09 secs
 
--> Reading design: excw.prj

TABLE OF CONTENTS
  1) Synthesis Options Summary
  2) HDL Parsing
  3) HDL Elaboration
  4) HDL Synthesis
       4.1) HDL Synthesis Report
  5) Advanced HDL Synthesis
       5.1) Advanced HDL Synthesis Report
  6) Low Level Synthesis
  7) Partition Report
  8) Design Summary
       8.1) Primitive and Black Box Usage
       8.2) Device utilization summary
       8.3) Partition Resource Summary
       8.4) Timing Report
            8.4.1) Clock Information
            8.4.2) Asynchronous Control Signals Information
            8.4.3) Timing Summary
            8.4.4) Timing Details
            8.4.5) Cross Clock Domains Report


=========================================================================
*                      Synthesis Options Summary                        *
=========================================================================
---- Source Parameters
Input File Name                    : "excw.prj"
Ignore Synthesis Constraint File   : NO

---- Target Parameters
Output File Name                   : "excw"
Output Format                      : NGC
Target Device                      : xc7a100t-3-csg324

---- Source Options
Top Module Name                    : excw
Automatic FSM Extraction           : YES
FSM Encoding Algorithm             : Auto
Safe Implementation                : No
FSM Style                          : LUT
RAM Extraction                     : Yes
RAM Style                          : Auto
ROM Extraction                     : Yes
Shift Register Extraction          : YES
ROM Style                          : Auto
Resource Sharing                   : YES
Asynchronous To Synchronous        : NO
Shift Register Minimum Size        : 2
Use DSP Block                      : Auto
Automatic Register Balancing       : No

---- Target Options
LUT Combining                      : Auto
Reduce Control Sets                : Auto
Add IO Buffers                     : YES
Global Maximum Fanout              : 100000
Add Generic Clock Buffer(BUFG)     : 32
Register Duplication               : YES
Optimize Instantiated Primitives   : NO
Use Clock Enable                   : Auto
Use Synchronous Set                : Auto
Use Synchronous Reset              : Auto
Pack IO Registers into IOBs        : Auto
Equivalent register Removal        : YES

---- General Options
Optimization Goal                  : Speed
Optimization Effort                : 1
Power Reduction                    : NO
Keep Hierarchy                     : No
Netlist Hierarchy                  : As_Optimized
RTL Output                         : Yes
Global Optimization                : AllClockNets
Read Cores                         : YES
Write Timing Constraints           : NO
Cross Clock Analysis               : NO
Hierarchy Separator                : /
Bus Delimiter                      : <>
Case Specifier                     : Maintain
Slice Utilization Ratio            : 100
BRAM Utilization Ratio             : 100
DSP48 Utilization Ratio            : 100
Auto BRAM Packing                  : NO
Slice Utilization Ratio Delta      : 5

=========================================================================


=========================================================================
*                          HDL Parsing                                  *
=========================================================================
Analyzing Verilog file "E:\ISEhomework\p7\mips\excw.v" into library work
Parsing module <excw>.

=========================================================================
*                            HDL Elaboration                            *
=========================================================================

Elaborating module <excw>.

=========================================================================
*                           HDL Synthesis                               *
=========================================================================

Synthesizing Unit <excw>.
    Related source file is "E:\ISEhomework\p7\mips\excw.v".
    Found 1-bit register for signal <ExceptionW>.
    Found 5-bit register for signal <ExcW>.
    Found 32-bit comparator lessequal for signal <n0000> created at line 36
    Found 32-bit comparator lessequal for signal <n0002> created at line 36
    Found 32-bit comparator lessequal for signal <n0004> created at line 36
    Found 32-bit comparator lessequal for signal <n0008> created at line 36
    Found 32-bit comparator lessequal for signal <n0010> created at line 36
    Summary:
	inferred   6 D-type flip-flop(s).
	inferred   5 Comparator(s).
	inferred   2 Multiplexer(s).
Unit <excw> synthesized.

=========================================================================
HDL Synthesis Report

Macro Statistics
# Registers                                            : 2
 1-bit register                                        : 1
 5-bit register                                        : 1
# Comparators                                          : 5
 32-bit comparator lessequal                           : 5
# Multiplexers                                         : 2
 5-bit 2-to-1 multiplexer                              : 2

=========================================================================

=========================================================================
*                       Advanced HDL Synthesis                          *
=========================================================================


=========================================================================
Advanced HDL Synthesis Report

Macro Statistics
# Registers                                            : 6
 Flip-Flops                                            : 6
# Comparators                                          : 5
 32-bit comparator lessequal                           : 5
# Multiplexers                                         : 2
 5-bit 2-to-1 multiplexer                              : 2

=========================================================================

=========================================================================
*                         Low Level Synthesis                           *
=========================================================================

Optimizing unit <excw> ...

Mapping all equations...
Building and optimizing final netlist ...
Found area constraint ratio of 100 (+ 5) on block excw, actual ratio is 0.

Final Macro Processing ...

=========================================================================
Final Register Report

Macro Statistics
# Registers                                            : 6
 Flip-Flops                                            : 6

=========================================================================

=========================================================================
*                           Partition Report                            *
=========================================================================

Partition Implementation Status
-------------------------------

  No Partitions were found in this design.

-------------------------------

=========================================================================
*                            Design Summary                             *
=========================================================================

Top Level Output File Name         : excw.ngc

Primitive and Black Box Usage:
------------------------------
# BELS                             : 71
#      GND                         : 1
#      LUT2                        : 1
#      LUT3                        : 3
#      LUT4                        : 7
#      LUT5                        : 30
#      LUT6                        : 7
#      MUXCY                       : 21
#      VCC                         : 1
# FlipFlops/Latches                : 6
#      FDR                         : 6
# Clock Buffers                    : 1
#      BUFGP                       : 1
# IO Buffers                       : 45
#      IBUF                        : 39
#      OBUF                        : 6

Device utilization summary:
---------------------------

Selected Device : 7a100tcsg324-3 


Slice Logic Utilization: 
 Number of Slice LUTs:                   48  out of  63400     0%  
    Number used as Logic:                48  out of  63400     0%  

Slice Logic Distribution: 
 Number of LUT Flip Flop pairs used:     48
   Number with an unused Flip Flop:      48  out of     48   100%  
   Number with an unused LUT:             0  out of     48     0%  
   Number of fully used LUT-FF pairs:     0  out of     48     0%  
   Number of unique control sets:         2

IO Utilization: 
 Number of IOs:                          48
 Number of bonded IOBs:                  46  out of    210    21%  
    IOB Flip Flops/Latches:               6

Specific Feature Utilization:
 Number of BUFG/BUFGCTRLs:                1  out of     32     3%  

---------------------------
Partition Resource Summary:
---------------------------

  No Partitions were found in this design.

---------------------------


=========================================================================
Timing Report

NOTE: THESE TIMING NUMBERS ARE ONLY A SYNTHESIS ESTIMATE.
      FOR ACCURATE TIMING INFORMATION PLEASE REFER TO THE TRACE REPORT
      GENERATED AFTER PLACE-and-ROUTE.

Clock Information:
------------------
-----------------------------------+------------------------+-------+
Clock Signal                       | Clock buffer(FF name)  | Load  |
-----------------------------------+------------------------+-------+
clk                                | BUFGP                  | 6     |
-----------------------------------+------------------------+-------+

Asynchronous Control Signals Information:
----------------------------------------
No asynchronous control signals found in this design

Timing Summary:
---------------
Speed Grade: -3

   Minimum period: No path found
   Minimum input arrival time before clock: 3.164ns
   Maximum output required time after clock: 0.640ns
   Maximum combinational path delay: No path found

Timing Details:
---------------
All values displayed in nanoseconds (ns)

=========================================================================
Timing constraint: Default OFFSET IN BEFORE for Clock 'clk'
  Total number of paths / destination ports: 1153 / 12
-------------------------------------------------------------------------
Offset:              3.164ns (Levels of Logic = 10)
  Source:            ALUout_M<5> (PAD)
  Destination:       ExcW_0 (FF)
  Destination Clock: clk rising

  Data Path: ALUout_M<5> to ExcW_0
                                Gate     Net
    Cell:in->out      fanout   Delay   Delay  Logical Name (Net Name)
    ----------------------------------------  ------------
     IBUF:I->O             6   0.001   0.706  ALUout_M_5_IBUF (ALUout_M_5_IBUF)
     LUT5:I0->O            1   0.097   0.000  Mcompar_GND_1_o_ALUout_M[31]_LessThan_4_o_lut<0> (Mcompar_GND_1_o_ALUout_M[31]_LessThan_4_o_lut<0>)
     MUXCY:S->O            1   0.353   0.000  Mcompar_GND_1_o_ALUout_M[31]_LessThan_4_o_cy<0> (Mcompar_GND_1_o_ALUout_M[31]_LessThan_4_o_cy<0>)
     MUXCY:CI->O           1   0.023   0.000  Mcompar_GND_1_o_ALUout_M[31]_LessThan_4_o_cy<1> (Mcompar_GND_1_o_ALUout_M[31]_LessThan_4_o_cy<1>)
     MUXCY:CI->O           1   0.023   0.000  Mcompar_GND_1_o_ALUout_M[31]_LessThan_4_o_cy<2> (Mcompar_GND_1_o_ALUout_M[31]_LessThan_4_o_cy<2>)
     MUXCY:CI->O           1   0.023   0.000  Mcompar_GND_1_o_ALUout_M[31]_LessThan_4_o_cy<3> (Mcompar_GND_1_o_ALUout_M[31]_LessThan_4_o_cy<3>)
     MUXCY:CI->O           1   0.253   0.295  Mcompar_GND_1_o_ALUout_M[31]_LessThan_4_o_cy<4> (Mcompar_GND_1_o_ALUout_M[31]_LessThan_4_o_cy<4>)
     LUT4:I3->O            5   0.097   0.575  Mcompar_GND_1_o_ALUout_M[31]_LessThan_4_o_cy<5> (GND_1_o_ALUout_M[31]_LessThan_4_o)
     LUT5:I1->O            2   0.097   0.515  ALUout_M[31]_GND_1_o_OR_2_o5 (ALUout_M[31]_GND_1_o_OR_2_o)
     LUT3:I0->O            1   0.097   0.000  Mmux_ExcM[4]_GND_1_o_mux_10_OUT11 (ExcM[4]_GND_1_o_mux_10_OUT<0>)
     FDR:D                     0.008          ExcW_0
    ----------------------------------------
    Total                      3.164ns (1.072ns logic, 2.092ns route)
                                       (33.9% logic, 66.1% route)

=========================================================================
Timing constraint: Default OFFSET OUT AFTER for Clock 'clk'
  Total number of paths / destination ports: 6 / 6
-------------------------------------------------------------------------
Offset:              0.640ns (Levels of Logic = 1)
  Source:            ExcW_4 (FF)
  Destination:       ExcW<4> (PAD)
  Source Clock:      clk rising

  Data Path: ExcW_4 to ExcW<4>
                                Gate     Net
    Cell:in->out      fanout   Delay   Delay  Logical Name (Net Name)
    ----------------------------------------  ------------
     FDR:C->Q              1   0.361   0.279  ExcW_4 (ExcW_4)
     OBUF:I->O                 0.000          ExcW_4_OBUF (ExcW<4>)
    ----------------------------------------
    Total                      0.640ns (0.361ns logic, 0.279ns route)
                                       (56.4% logic, 43.6% route)

=========================================================================

Cross Clock Domains Report:
--------------------------

=========================================================================


Total REAL time to Xst completion: 9.00 secs
Total CPU time to Xst completion: 9.00 secs
 
--> 

Total memory usage is 412956 kilobytes

Number of errors   :    0 (   0 filtered)
Number of warnings :    0 (   0 filtered)
Number of infos    :    0 (   0 filtered)

