Release 14.7 - xst P.20131013 (nt64)
Copyright (c) 1995-2013 Xilinx, Inc.  All rights reserved.
--> Parameter TMPDIR set to xst/projnav.tmp


Total REAL time to Xst completion: 0.00 secs
Total CPU time to Xst completion: 0.06 secs
 
--> Parameter xsthdpdir set to xst


Total REAL time to Xst completion: 0.00 secs
Total CPU time to Xst completion: 0.06 secs
 
--> Reading design: MUX.prj

TABLE OF CONTENTS
  1) Synthesis Options Summary
  2) HDL Parsing
  3) HDL Elaboration
  4) HDL Synthesis
       4.1) HDL Synthesis Report
  5) Advanced HDL Synthesis
       5.1) Advanced HDL Synthesis Report
  6) Low Level Synthesis
  7) Partition Report
  8) Design Summary
       8.1) Primitive and Black Box Usage
       8.2) Device utilization summary
       8.3) Partition Resource Summary
       8.4) Timing Report
            8.4.1) Clock Information
            8.4.2) Asynchronous Control Signals Information
            8.4.3) Timing Summary
            8.4.4) Timing Details
            8.4.5) Cross Clock Domains Report


=========================================================================
*                      Synthesis Options Summary                        *
=========================================================================
---- Source Parameters
Input File Name                    : "MUX.prj"
Ignore Synthesis Constraint File   : NO

---- Target Parameters
Output File Name                   : "MUX"
Output Format                      : NGC
Target Device                      : xc7a100t-3-csg324

---- Source Options
Top Module Name                    : MUX
Automatic FSM Extraction           : YES
FSM Encoding Algorithm             : Auto
Safe Implementation                : No
FSM Style                          : LUT
RAM Extraction                     : Yes
RAM Style                          : Auto
ROM Extraction                     : Yes
Shift Register Extraction          : YES
ROM Style                          : Auto
Resource Sharing                   : YES
Asynchronous To Synchronous        : NO
Shift Register Minimum Size        : 2
Use DSP Block                      : Auto
Automatic Register Balancing       : No

---- Target Options
LUT Combining                      : Auto
Reduce Control Sets                : Auto
Add IO Buffers                     : YES
Global Maximum Fanout              : 100000
Add Generic Clock Buffer(BUFG)     : 32
Register Duplication               : YES
Optimize Instantiated Primitives   : NO
Use Clock Enable                   : Auto
Use Synchronous Set                : Auto
Use Synchronous Reset              : Auto
Pack IO Registers into IOBs        : Auto
Equivalent register Removal        : YES

---- General Options
Optimization Goal                  : Speed
Optimization Effort                : 1
Power Reduction                    : NO
Keep Hierarchy                     : No
Netlist Hierarchy                  : As_Optimized
RTL Output                         : Yes
Global Optimization                : AllClockNets
Read Cores                         : YES
Write Timing Constraints           : NO
Cross Clock Analysis               : NO
Hierarchy Separator                : /
Bus Delimiter                      : <>
Case Specifier                     : Maintain
Slice Utilization Ratio            : 100
BRAM Utilization Ratio             : 100
DSP48 Utilization Ratio            : 100
Auto BRAM Packing                  : NO
Slice Utilization Ratio Delta      : 5

=========================================================================


=========================================================================
*                          HDL Parsing                                  *
=========================================================================
Analyzing Verilog file "E:\ISEhomework\p5\mips\MUX.v" into library work
Parsing module <MUX>.

=========================================================================
*                            HDL Elaboration                            *
=========================================================================

Elaborating module <MUX>.

=========================================================================
*                           HDL Synthesis                               *
=========================================================================

Synthesizing Unit <MUX>.
    Related source file is "E:\ISEhomework\p5\mips\MUX.v".
    Found 32-bit 4-to-1 multiplexer for signal <F4out> created at line 37.
    Found 32-bit 4-to-1 multiplexer for signal <F3out> created at line 41.
    Found 32-bit 7-to-1 multiplexer for signal <F1out> created at line 48.
    Found 32-bit 7-to-1 multiplexer for signal <F2out> created at line 52.
    Found 32-bit 4-to-1 multiplexer for signal <F5out> created at line 56.
    Summary:
	inferred   7 Multiplexer(s).
Unit <MUX> synthesized.

=========================================================================
HDL Synthesis Report

Macro Statistics
# Multiplexers                                         : 7
 32-bit 2-to-1 multiplexer                             : 2
 32-bit 4-to-1 multiplexer                             : 3
 32-bit 7-to-1 multiplexer                             : 2

=========================================================================

=========================================================================
*                       Advanced HDL Synthesis                          *
=========================================================================


=========================================================================
Advanced HDL Synthesis Report

Macro Statistics
# Multiplexers                                         : 7
 32-bit 2-to-1 multiplexer                             : 2
 32-bit 4-to-1 multiplexer                             : 3
 32-bit 7-to-1 multiplexer                             : 2

=========================================================================

=========================================================================
*                         Low Level Synthesis                           *
=========================================================================

Optimizing unit <MUX> ...

Mapping all equations...
Building and optimizing final netlist ...
Found area constraint ratio of 100 (+ 5) on block MUX, actual ratio is 0.

Final Macro Processing ...

=========================================================================
Final Register Report

Found no macro
=========================================================================

=========================================================================
*                           Partition Report                            *
=========================================================================

Partition Implementation Status
-------------------------------

  No Partitions were found in this design.

-------------------------------

=========================================================================
*                            Design Summary                             *
=========================================================================

Top Level Output File Name         : MUX.ngc

Primitive and Black Box Usage:
------------------------------
# BELS                             : 352
#      LUT3                        : 127
#      LUT5                        : 96
#      LUT6                        : 128
#      MUXF7                       : 1
# IO Buffers                       : 718
#      IBUF                        : 494
#      OBUF                        : 224

Device utilization summary:
---------------------------

Selected Device : 7a100tcsg324-3 


Slice Logic Utilization: 
 Number of Slice LUTs:                  351  out of  63400     0%  
    Number used as Logic:               351  out of  63400     0%  

Slice Logic Distribution: 
 Number of LUT Flip Flop pairs used:    351
   Number with an unused Flip Flop:     351  out of    351   100%  
   Number with an unused LUT:             0  out of    351     0%  
   Number of fully used LUT-FF pairs:     0  out of    351     0%  
   Number of unique control sets:         0

IO Utilization: 
 Number of IOs:                         718
 Number of bonded IOBs:                 718  out of    210   341% (*) 

Specific Feature Utilization:

WARNING:Xst:1336 -  (*) More than 100% of Device resources are used

---------------------------
Partition Resource Summary:
---------------------------

  No Partitions were found in this design.

---------------------------


=========================================================================
Timing Report

NOTE: THESE TIMING NUMBERS ARE ONLY A SYNTHESIS ESTIMATE.
      FOR ACCURATE TIMING INFORMATION PLEASE REFER TO THE TRACE REPORT
      GENERATED AFTER PLACE-and-ROUTE.

Clock Information:
------------------
No clock signals found in this design

Asynchronous Control Signals Information:
----------------------------------------
No asynchronous control signals found in this design

Timing Summary:
---------------
Speed Grade: -3

   Minimum period: No path found
   Minimum input arrival time before clock: No path found
   Maximum output required time after clock: No path found
   Maximum combinational path delay: 1.659ns

Timing Details:
---------------
All values displayed in nanoseconds (ns)

=========================================================================
Timing constraint: Default path analysis
  Total number of paths / destination ports: 1504 / 224
-------------------------------------------------------------------------
Delay:               1.659ns (Levels of Logic = 4)
  Source:            F_CMP_A_D<0> (PAD)
  Destination:       F1out<31> (PAD)

  Data Path: F_CMP_A_D<0> to F1out<31>
                                Gate     Net
    Cell:in->out      fanout   Delay   Delay  Logical Name (Net Name)
    ----------------------------------------  ------------
     IBUF:I->O            64   0.001   0.805  F_CMP_A_D_0_IBUF (F_CMP_A_D_0_IBUF)
     LUT6:I0->O            1   0.097   0.379  Mmux_F1out101 (Mmux_F1out10)
     LUT3:I1->O            1   0.097   0.279  Mmux_F1out103 (F1out_18_OBUF)
     OBUF:I->O                 0.000          F1out_18_OBUF (F1out<18>)
    ----------------------------------------
    Total                      1.659ns (0.195ns logic, 1.464ns route)
                                       (11.8% logic, 88.2% route)

=========================================================================

Cross Clock Domains Report:
--------------------------

=========================================================================


Total REAL time to Xst completion: 9.00 secs
Total CPU time to Xst completion: 9.33 secs
 
--> 

Total memory usage is 413992 kilobytes

Number of errors   :    0 (   0 filtered)
Number of warnings :    1 (   0 filtered)
Number of infos    :    0 (   0 filtered)

